<?xml version="1.0" encoding="UTF-8"?>
<!-- Generated by org.testng.reporters.JUnitReportReporter -->
<testsuite hostname="KHI-PSW-0016" failures="0" tests="6" name="AutomationFrameWork.TestCases.TestCase1" time="57.925" errors="0" timestamp="2021-02-15T14:55:24 PKT" skipped="5">
  <testcase classname="AutomationFrameWork.TestCases.TestCase1" name="TC6" time="57.925"/>
  <system-out>
Browser Opened Application Application Opened Opened  </system-out>
  <testcase classname="AutomationFrameWork.TestCases.TestCase1" name="TC3">
    <skipped/>
  </testcase> <!-- TC3 -->
  <system-out/>
  <testcase classname="AutomationFrameWork.TestCases.TestCase1" name="TC4">
    <skipped/>
  </testcase> <!-- TC4 -->
  <system-out/>
  <testcase classname="AutomationFrameWork.TestCases.TestCase1" name="TC5">
    <skipped/>
  </testcase> <!-- TC5 -->
  <system-out/>
  <testcase classname="AutomationFrameWork.TestCases.TestCase1" name="TC1">
    <skipped/>
  </testcase> <!-- TC1 -->
  <system-out/>
  <testcase classname="AutomationFrameWork.TestCases.TestCase1" name="TC2">
    <skipped/>
  </testcase> <!-- TC2 -->
  <system-out/>
</testsuite> <!-- AutomationFrameWork.TestCases.TestCase1 -->
