<?xml version="1.0" encoding="UTF-8"?>
<!-- Generated by org.testng.reporters.JUnitReportReporter -->
<testsuite hostname="KHI-PSW-0016" failures="0" tests="3" name="AutomationFrameWork.TestCases.TestCase1" time="32.761" errors="0" timestamp="2020-12-14T16:58:28 PKT" skipped="0">
  <testcase classname="AutomationFrameWork.TestCases.TestCase1" name="TC1" time="13.300"/>
  <system-out>
Browser Opened Application Application Opened Opened  </system-out>
  <testcase classname="AutomationFrameWork.TestCases.TestCase1" name="TC3" time="12.694"/>
  <system-out>
Browser Opened Application Application Opened Opened  </system-out>
  <testcase classname="AutomationFrameWork.TestCases.TestCase1" name="TC2" time="6.767"/>
  <system-out>
Browser Opened Application Application Opened Opened  </system-out>
</testsuite> <!-- AutomationFrameWork.TestCases.TestCase1 -->
