<?xml version="1.0" encoding="UTF-8"?>
<!-- Generated by org.testng.reporters.JUnitReportReporter -->
<testsuite hostname="KHI-PSW-0016" failures="0" tests="2" name="AutomationFrameWork.TestCases.TestCase1" time="21.640" errors="0" timestamp="2020-12-10T10:24:36 PKT" skipped="0">
  <testcase classname="AutomationFrameWork.TestCases.TestCase1" name="TC2" time="7.196"/>
  <system-out>
Browser Opened Application Application Opened Opened  </system-out>
  <testcase classname="AutomationFrameWork.TestCases.TestCase1" name="TC1" time="14.444"/>
  <system-out>
Browser Opened Application Application Opened Opened  </system-out>
</testsuite> <!-- AutomationFrameWork.TestCases.TestCase1 -->
